23:29:41 **** Build of configuration Release for project Silnik_T1 ****
make all 
Building file: ../StepMotor.c
Invoking: AVR Compiler
avr-gcc -Wall -Os -fpack-struct -fshort-enums -ffunction-sections -fdata-sections -std=gnu99 -funsigned-char -funsigned-bitfields -mmcu=atmega32 -DF_CPU=8000000UL -MMD -MP -MF"StepMotor.d" -MT"StepMotor.o" -c -o "StepMotor.o" "../StepMotor.c"
Finished building: ../StepMotor.c
 
Building file: ../main.c
Invoking: AVR Compiler
avr-gcc -Wall -Os -fpack-struct -fshort-enums -ffunction-sections -fdata-sections -std=gnu99 -funsigned-char -funsigned-bitfields -mmcu=atmega32 -DF_CPU=8000000UL -MMD -MP -MF"main.d" -MT"main.o" -c -o "main.o" "../main.c"
Finished building: ../main.c
 
Building target: Silnik_T1.elf
Invoking: AVR C Linker
avr-gcc -Wl,-Map,Silnik_T1.map -mmcu=atmega32 -o "Silnik_T1.elf"  ./StepMotor.o ./main.o   
Finished building target: Silnik_T1.elf
 
Invoking: AVR Create Extended Listing
avr-objdump -h -S Silnik_T1.elf  >"Silnik_T1.lss"
Finished building: Silnik_T1.lss
 
Create Flash image (ihex format)
avr-objcopy -R .eeprom -R .fuse -R .lock -R .signature -O ihex Silnik_T1.elf  "Silnik_T1.hex"
Finished building: Silnik_T1.hex
 
Create eeprom image (ihex format)
avr-objcopy -j .eeprom --no-change-warnings --change-section-lma .eeprom=0 -O ihex Silnik_T1.elf  "Silnik_T1.eep"
Finished building: Silnik_T1.eep
 
Invoking: Print Size
avr-size --format=avr --mcu=atmega32 Silnik_T1.elf
AVR Memory Usage
----------------
Device: atmega32

Program:    1272 bytes (3.9% Full)
(.text + .data + .bootloader)

Data:          1 bytes (0.0% Full)
(.data + .bss + .noinit)


Finished building: sizedummy
 
23:31:09 **** Incremental Build of configuration Release for project Silnik_T1 ****
make all 
Building file: ../StepMotor.c
Invoking: AVR Compiler
avr-gcc -Wall -Os -fpack-struct -fshort-enums -ffunction-sections -fdata-sections -std=gnu99 -funsigned-char -funsigned-bitfields -mmcu=atmega32 -DF_CPU=8000000UL -MMD -MP -MF"StepMotor.d" -MT"StepMotor.o" -c -o "StepMotor.o" "../StepMotor.c"
Finished building: ../StepMotor.c
 
Building file: ../main.c
Invoking: AVR Compiler
avr-gcc -Wall -Os -fpack-struct -fshort-enums -ffunction-sections -fdata-sections -std=gnu99 -funsigned-char -funsigned-bitfields -mmcu=atmega32 -DF_CPU=8000000UL -MMD -MP -MF"main.d" -MT"main.o" -c -o "main.o" "../main.c"
Finished building: ../main.c
 
Building target: Silnik_T1.elf
Invoking: AVR C Linker
avr-gcc -Wl,-Map,Silnik_T1.map -mmcu=atmega32 -o "Silnik_T1.elf"  ./StepMotor.o ./main.o   
Finished building target: Silnik_T1.elf
 
Invoking: AVR Create Extended Listing
avr-objdump -h -S Silnik_T1.elf  >"Silnik_T1.lss"
Finished building: Silnik_T1.lss
 
Create Flash image (ihex format)
avr-objcopy -R .eeprom -R .fuse -R .lock -R .signature -O ihex Silnik_T1.elf  "Silnik_T1.hex"
Finished building: Silnik_T1.hex
 
Create eeprom image (ihex format)
avr-objcopy -j .eeprom --no-change-warnings --change-section-lma .eeprom=0 -O ihex Silnik_T1.elf  "Silnik_T1.eep"
Finished building: Silnik_T1.eep
 
Invoking: Print Size
avr-size --format=avr --mcu=atmega32 Silnik_T1.elf
AVR Memory Usage
----------------
Device: atmega32

Program:    1272 bytes (3.9% Full)
(.text + .data + .bootloader)

Data:          1 bytes (0.0% Full)
(.data + .bss + .noinit)


Finished building: sizedummy
 
23:31:36 **** Incremental Build of configuration Release for project Silnik_T1 ****
make all 
Building file: ../StepMotor.c
Invoking: AVR Compiler
avr-gcc -Wall -Os -fpack-struct -fshort-enums -ffunction-sections -fdata-sections -std=gnu99 -funsigned-char -funsigned-bitfields -mmcu=atmega32 -DF_CPU=8000000UL -MMD -MP -MF"StepMotor.d" -MT"StepMotor.o" -c -o "StepMotor.o" "../StepMotor.c"
Finished building: ../StepMotor.c
 
Building file: ../main.c
Invoking: AVR Compiler
avr-gcc -Wall -Os -fpack-struct -fshort-enums -ffunction-sections -fdata-sections -std=gnu99 -funsigned-char -funsigned-bitfields -mmcu=atmega32 -DF_CPU=8000000UL -MMD -MP -MF"main.d" -MT"main.o" -c -o "main.o" "../main.c"
Finished building: ../main.c
 
Building target: Silnik_T1.elf
Invoking: AVR C Linker
avr-gcc -Wl,-Map,Silnik_T1.map -mmcu=atmega32 -o "Silnik_T1.elf"  ./StepMotor.o ./main.o   
Finished building target: Silnik_T1.elf
 
Invoking: AVR Create Extended Listing
avr-objdump -h -S Silnik_T1.elf  >"Silnik_T1.lss"
Finished building: Silnik_T1.lss
 
Create Flash image (ihex format)
avr-objcopy -R .eeprom -R .fuse -R .lock -R .signature -O ihex Silnik_T1.elf  "Silnik_T1.hex"
Finished building: Silnik_T1.hex
 
Create eeprom image (ihex format)
avr-objcopy -j .eeprom --no-change-warnings --change-section-lma .eeprom=0 -O ihex Silnik_T1.elf  "Silnik_T1.eep"
Finished building: Silnik_T1.eep
 
Invoking: Print Size
avr-size --format=avr --mcu=atmega32 Silnik_T1.elf
AVR Memory Usage
----------------
Device: atmega32

Program:    1272 bytes (3.9% Full)
(.text + .data + .bootloader)

Data:          1 bytes (0.0% Full)
(.data + .bss + .noinit)


Finished building: sizedummy
 
23:32:56 **** Incremental Build of configuration Release for project Silnik_T1 ****
make all 
Building file: ../StepMotor.c
Invoking: AVR Compiler
avr-gcc -Wall -Os -fpack-struct -fshort-enums -ffunction-sections -fdata-sections -std=gnu99 -funsigned-char -funsigned-bitfields -mmcu=atmega32 -DF_CPU=8000000UL -MMD -MP -MF"StepMotor.d" -MT"StepMotor.o" -c -o "StepMotor.o" "../StepMotor.c"
../StepMotor.c: In function 'half_step_motor_left':
../StepMotor.c:64: warning: implicit declaration of function 'TimerInit_SM'
../StepMotor.c: At top level:
../StepMotor.c:378: warning: 'TIMER1_COMP_VECTOR' appears to be a misspelled signal handler
Finished building: ../StepMotor.c
 
Building target: Silnik_T1.elf
Invoking: AVR C Linker
avr-gcc -Wl,-Map,Silnik_T1.map -mmcu=atmega32 -o "Silnik_T1.elf"  ./StepMotor.o ./main.o   
./StepMotor.o: In function `full_step_motor_right':
StepMotor.c:(.text.full_step_motor_right+0xc): undefined reference to `TimerInit_SM'
./StepMotor.o: In function `full_step_motor_left':
StepMotor.c:(.text.full_step_motor_left+0xc): undefined reference to `TimerInit_SM'
./StepMotor.o: In function `half_step_motor_right':
StepMotor.c:(.text.half_step_motor_right+0x10): undefined reference to `TimerInit_SM'
./StepMotor.o: In function `half_step_motor_left':
StepMotor.c:(.text.half_step_motor_left+0x10): undefined reference to `TimerInit_SM'
make: *** [Silnik_T1.elf] Error 1
"make all" terminated with exit code 2. Build might be incomplete.
23:33:24 **** Incremental Build of configuration Release for project Silnik_T1 ****
make all 
Building file: ../StepMotor.c
Invoking: AVR Compiler
avr-gcc -Wall -Os -fpack-struct -fshort-enums -ffunction-sections -fdata-sections -std=gnu99 -funsigned-char -funsigned-bitfields -mmcu=atmega32 -DF_CPU=8000000UL -MMD -MP -MF"StepMotor.d" -MT"StepMotor.o" -c -o "StepMotor.o" "../StepMotor.c"
../StepMotor.c: In function 'half_step_motor_right':
../StepMotor.c:161: warning: implicit declaration of function 'TimerInit_SM'
../StepMotor.c: At top level:
../StepMotor.c:378: warning: 'TIMER1_COMP_VECTOR' appears to be a misspelled signal handler
Finished building: ../StepMotor.c
 
Building target: Silnik_T1.elf
Invoking: AVR C Linker
avr-gcc -Wl,-Map,Silnik_T1.map -mmcu=atmega32 -o "Silnik_T1.elf"  ./StepMotor.o ./main.o   
./StepMotor.o: In function `full_step_motor_right':
StepMotor.c:(.text.full_step_motor_right+0xc): undefined reference to `TimerInit_SM'
./StepMotor.o: In function `full_step_motor_left':
StepMotor.c:(.text.full_step_motor_left+0xc): undefined reference to `TimerInit_SM'
./StepMotor.o: In function `half_step_motor_right':
StepMotor.c:(.text.half_step_motor_right+0x10): undefined reference to `TimerInit_SM'
make: *** [Silnik_T1.elf] Error 1
"make all" terminated with exit code 2. Build might be incomplete.
23:33:46 **** Incremental Build of configuration Release for project Silnik_T1 ****
make all 
Building file: ../StepMotor.c
Invoking: AVR Compiler
avr-gcc -Wall -Os -fpack-struct -fshort-enums -ffunction-sections -fdata-sections -std=gnu99 -funsigned-char -funsigned-bitfields -mmcu=atmega32 -DF_CPU=8000000UL -MMD -MP -MF"StepMotor.d" -MT"StepMotor.o" -c -o "StepMotor.o" "../StepMotor.c"
../StepMotor.c:378: warning: 'TIMER1_COMP_VECTOR' appears to be a misspelled signal handler
Finished building: ../StepMotor.c
 
Building target: Silnik_T1.elf
Invoking: AVR C Linker
avr-gcc -Wl,-Map,Silnik_T1.map -mmcu=atmega32 -o "Silnik_T1.elf"  ./StepMotor.o ./main.o   
Finished building target: Silnik_T1.elf
 
Invoking: AVR Create Extended Listing
avr-objdump -h -S Silnik_T1.elf  >"Silnik_T1.lss"
Finished building: Silnik_T1.lss
 
Create Flash image (ihex format)
avr-objcopy -R .eeprom -R .fuse -R .lock -R .signature -O ihex Silnik_T1.elf  "Silnik_T1.hex"
Finished building: Silnik_T1.hex
 
Create eeprom image (ihex format)
avr-objcopy -j .eeprom --no-change-warnings --change-section-lma .eeprom=0 -O ihex Silnik_T1.elf  "Silnik_T1.eep"
Finished building: Silnik_T1.eep
 
Invoking: Print Size
avr-size --format=avr --mcu=atmega32 Silnik_T1.elf
AVR Memory Usage
----------------
Device: atmega32

Program:    1256 bytes (3.8% Full)
(.text + .data + .bootloader)

Data:          1 bytes (0.0% Full)
(.data + .bss + .noinit)


Finished building: sizedummy
 
23:34:10 **** Incremental Build of configuration Release for project Silnik_T1 ****
make all 
Building file: ../StepMotor.c
Invoking: AVR Compiler
avr-gcc -Wall -Os -fpack-struct -fshort-enums -ffunction-sections -fdata-sections -std=gnu99 -funsigned-char -funsigned-bitfields -mmcu=atmega32 -DF_CPU=8000000UL -MMD -MP -MF"StepMotor.d" -MT"StepMotor.o" -c -o "StepMotor.o" "../StepMotor.c"
Finished building: ../StepMotor.c
 
Building target: Silnik_T1.elf
Invoking: AVR C Linker
avr-gcc -Wl,-Map,Silnik_T1.map -mmcu=atmega32 -o "Silnik_T1.elf"  ./StepMotor.o ./main.o   
Finished building target: Silnik_T1.elf
 
Invoking: AVR Create Extended Listing
avr-objdump -h -S Silnik_T1.elf  >"Silnik_T1.lss"
Finished building: Silnik_T1.lss
 
Create Flash image (ihex format)
avr-objcopy -R .eeprom -R .fuse -R .lock -R .signature -O ihex Silnik_T1.elf  "Silnik_T1.hex"
Finished building: Silnik_T1.hex
 
Create eeprom image (ihex format)
avr-objcopy -j .eeprom --no-change-warnings --change-section-lma .eeprom=0 -O ihex Silnik_T1.elf  "Silnik_T1.eep"
Finished building: Silnik_T1.eep
 
Invoking: Print Size
avr-size --format=avr --mcu=atmega32 Silnik_T1.elf
AVR Memory Usage
----------------
Device: atmega32

Program:    1256 bytes (3.8% Full)
(.text + .data + .bootloader)

Data:          1 bytes (0.0% Full)
(.data + .bss + .noinit)


Finished building: sizedummy
 
23:41:04 **** Incremental Build of configuration Release for project Silnik_T1 ****
make all 
Invoking: Print Size
avr-size --format=avr --mcu=atmega32 Silnik_T1.elf
AVR Memory Usage
----------------
Device: atmega32

Program:    1256 bytes (3.8% Full)
(.text + .data + .bootloader)

Data:          1 bytes (0.0% Full)
(.data + .bss + .noinit)


Finished building: sizedummy
 
23:48:23 **** Incremental Build of configuration Release for project Silnik_T1 ****
make all 
Building file: ../StepMotor.c
Invoking: AVR Compiler
avr-gcc -Wall -Os -fpack-struct -fshort-enums -ffunction-sections -fdata-sections -std=gnu99 -funsigned-char -funsigned-bitfields -mmcu=atmega32 -DF_CPU=8000000UL -MMD -MP -MF"StepMotor.d" -MT"StepMotor.o" -c -o "StepMotor.o" "../StepMotor.c"
Finished building: ../StepMotor.c
 
Building target: Silnik_T1.elf
Invoking: AVR C Linker
avr-gcc -Wl,-Map,Silnik_T1.map -mmcu=atmega32 -o "Silnik_T1.elf"  ./StepMotor.o ./main.o   
Finished building target: Silnik_T1.elf
 
Invoking: AVR Create Extended Listing
avr-objdump -h -S Silnik_T1.elf  >"Silnik_T1.lss"
Finished building: Silnik_T1.lss
 
Create Flash image (ihex format)
avr-objcopy -R .eeprom -R .fuse -R .lock -R .signature -O ihex Silnik_T1.elf  "Silnik_T1.hex"
Finished building: Silnik_T1.hex
 
Create eeprom image (ihex format)
avr-objcopy -j .eeprom --no-change-warnings --change-section-lma .eeprom=0 -O ihex Silnik_T1.elf  "Silnik_T1.eep"
Finished building: Silnik_T1.eep
 
Invoking: Print Size
avr-size --format=avr --mcu=atmega32 Silnik_T1.elf
AVR Memory Usage
----------------
Device: atmega32

Program:    1258 bytes (3.8% Full)
(.text + .data + .bootloader)

Data:          1 bytes (0.0% Full)
(.data + .bss + .noinit)


Finished building: sizedummy
 
22:36:44 **** Incremental Build of configuration Release for project Silnik_T1 ****
make all 
Building file: ../main.c
Invoking: AVR Compiler
avr-gcc -Wall -Os -fpack-struct -fshort-enums -ffunction-sections -fdata-sections -std=gnu99 -funsigned-char -funsigned-bitfields -mmcu=atmega32 -DF_CPU=8000000UL -MMD -MP -MF"main.d" -MT"main.o" -c -o "main.o" "../main.c"
Finished building: ../main.c
 
Building target: Silnik_T1.elf
Invoking: AVR C Linker
avr-gcc -Wl,-Map,Silnik_T1.map -mmcu=atmega32 -o "Silnik_T1.elf"  ./StepMotor.o ./main.o   
Finished building target: Silnik_T1.elf
 
Invoking: AVR Create Extended Listing
avr-objdump -h -S Silnik_T1.elf  >"Silnik_T1.lss"
Finished building: Silnik_T1.lss
 
Create Flash image (ihex format)
avr-objcopy -R .eeprom -R .fuse -R .lock -R .signature -O ihex Silnik_T1.elf  "Silnik_T1.hex"
Finished building: Silnik_T1.hex
 
Create eeprom image (ihex format)
avr-objcopy -j .eeprom --no-change-warnings --change-section-lma .eeprom=0 -O ihex Silnik_T1.elf  "Silnik_T1.eep"
Finished building: Silnik_T1.eep
 
Invoking: Print Size
avr-size --format=avr --mcu=atmega32 Silnik_T1.elf
AVR Memory Usage
----------------
Device: atmega32

Program:    1212 bytes (3.7% Full)
(.text + .data + .bootloader)

Data:          1 bytes (0.0% Full)
(.data + .bss + .noinit)


Finished building: sizedummy
 
22:40:24 **** Incremental Build of configuration Release for project Silnik_T1 ****
make all 
Invoking: Print Size
avr-size --format=avr --mcu=atmega32 Silnik_T1.elf
AVR Memory Usage
----------------
Device: atmega32

Program:    1212 bytes (3.7% Full)
(.text + .data + .bootloader)

Data:          1 bytes (0.0% Full)
(.data + .bss + .noinit)


Finished building: sizedummy
 
22:41:42 **** Incremental Build of configuration Release for project Silnik_T1 ****
make all 
Invoking: Print Size
avr-size --format=avr --mcu=atmega32 Silnik_T1.elf
AVR Memory Usage
----------------
Device: atmega32

Program:    1212 bytes (3.7% Full)
(.text + .data + .bootloader)

Data:          1 bytes (0.0% Full)
(.data + .bss + .noinit)


Finished building: sizedummy
 
22:46:14 **** Incremental Build of configuration Release for project Silnik_T1 ****
make all 
Building file: ../main.c
Invoking: AVR Compiler
avr-gcc -Wall -Os -fpack-struct -fshort-enums -ffunction-sections -fdata-sections -std=gnu99 -funsigned-char -funsigned-bitfields -mmcu=atmega32 -DF_CPU=8000000UL -MMD -MP -MF"main.d" -MT"main.o" -c -o "main.o" "../main.c"
Finished building: ../main.c
 
Building target: Silnik_T1.elf
Invoking: AVR C Linker
avr-gcc -Wl,-Map,Silnik_T1.map -mmcu=atmega32 -o "Silnik_T1.elf"  ./StepMotor.o ./main.o   
Finished building target: Silnik_T1.elf
 
Invoking: AVR Create Extended Listing
avr-objdump -h -S Silnik_T1.elf  >"Silnik_T1.lss"
Finished building: Silnik_T1.lss
 
Create Flash image (ihex format)
avr-objcopy -R .eeprom -R .fuse -R .lock -R .signature -O ihex Silnik_T1.elf  "Silnik_T1.hex"
Finished building: Silnik_T1.hex
 
Create eeprom image (ihex format)
avr-objcopy -j .eeprom --no-change-warnings --change-section-lma .eeprom=0 -O ihex Silnik_T1.elf  "Silnik_T1.eep"
Finished building: Silnik_T1.eep
 
Invoking: Print Size
avr-size --format=avr --mcu=atmega32 Silnik_T1.elf
AVR Memory Usage
----------------
Device: atmega32

Program:    1214 bytes (3.7% Full)
(.text + .data + .bootloader)

Data:          1 bytes (0.0% Full)
(.data + .bss + .noinit)


Finished building: sizedummy
 
22:47:02 **** Incremental Build of configuration Release for project Silnik_T1 ****
make all 
Building file: ../main.c
Invoking: AVR Compiler
avr-gcc -Wall -Os -fpack-struct -fshort-enums -ffunction-sections -fdata-sections -std=gnu99 -funsigned-char -funsigned-bitfields -mmcu=atmega32 -DF_CPU=8000000UL -MMD -MP -MF"main.d" -MT"main.o" -c -o "main.o" "../main.c"
Finished building: ../main.c
 
Building target: Silnik_T1.elf
Invoking: AVR C Linker
avr-gcc -Wl,-Map,Silnik_T1.map -mmcu=atmega32 -o "Silnik_T1.elf"  ./StepMotor.o ./main.o   
Finished building target: Silnik_T1.elf
 
Invoking: AVR Create Extended Listing
avr-objdump -h -S Silnik_T1.elf  >"Silnik_T1.lss"
Finished building: Silnik_T1.lss
 
Create Flash image (ihex format)
avr-objcopy -R .eeprom -R .fuse -R .lock -R .signature -O ihex Silnik_T1.elf  "Silnik_T1.hex"
Finished building: Silnik_T1.hex
 
Create eeprom image (ihex format)
avr-objcopy -j .eeprom --no-change-warnings --change-section-lma .eeprom=0 -O ihex Silnik_T1.elf  "Silnik_T1.eep"
Finished building: Silnik_T1.eep
 
Invoking: Print Size
avr-size --format=avr --mcu=atmega32 Silnik_T1.elf
AVR Memory Usage
----------------
Device: atmega32

Program:    1232 bytes (3.8% Full)
(.text + .data + .bootloader)

Data:          1 bytes (0.0% Full)
(.data + .bss + .noinit)


Finished building: sizedummy
 
22:48:27 **** Incremental Build of configuration Release for project Silnik_T1 ****
make all 
Building file: ../main.c
Invoking: AVR Compiler
avr-gcc -Wall -Os -fpack-struct -fshort-enums -ffunction-sections -fdata-sections -std=gnu99 -funsigned-char -funsigned-bitfields -mmcu=atmega32 -DF_CPU=8000000UL -MMD -MP -MF"main.d" -MT"main.o" -c -o "main.o" "../main.c"
Finished building: ../main.c
 
Building target: Silnik_T1.elf
Invoking: AVR C Linker
avr-gcc -Wl,-Map,Silnik_T1.map -mmcu=atmega32 -o "Silnik_T1.elf"  ./StepMotor.o ./main.o   
Finished building target: Silnik_T1.elf
 
Invoking: AVR Create Extended Listing
avr-objdump -h -S Silnik_T1.elf  >"Silnik_T1.lss"
Finished building: Silnik_T1.lss
 
Create Flash image (ihex format)
avr-objcopy -R .eeprom -R .fuse -R .lock -R .signature -O ihex Silnik_T1.elf  "Silnik_T1.hex"
Finished building: Silnik_T1.hex
 
Create eeprom image (ihex format)
avr-objcopy -j .eeprom --no-change-warnings --change-section-lma .eeprom=0 -O ihex Silnik_T1.elf  "Silnik_T1.eep"
Finished building: Silnik_T1.eep
 
Invoking: Print Size
avr-size --format=avr --mcu=atmega32 Silnik_T1.elf
AVR Memory Usage
----------------
Device: atmega32

Program:    1242 bytes (3.8% Full)
(.text + .data + .bootloader)

Data:          1 bytes (0.0% Full)
(.data + .bss + .noinit)


Finished building: sizedummy
 
22:49:55 **** Incremental Build of configuration Release for project Silnik_T1 ****
make all 
Building file: ../main.c
Invoking: AVR Compiler
avr-gcc -Wall -Os -fpack-struct -fshort-enums -ffunction-sections -fdata-sections -std=gnu99 -funsigned-char -funsigned-bitfields -mmcu=atmega32 -DF_CPU=8000000UL -MMD -MP -MF"main.d" -MT"main.o" -c -o "main.o" "../main.c"
Finished building: ../main.c
 
Building target: Silnik_T1.elf
Invoking: AVR C Linker
avr-gcc -Wl,-Map,Silnik_T1.map -mmcu=atmega32 -o "Silnik_T1.elf"  ./StepMotor.o ./main.o   
Finished building target: Silnik_T1.elf
 
Invoking: AVR Create Extended Listing
avr-objdump -h -S Silnik_T1.elf  >"Silnik_T1.lss"
Finished building: Silnik_T1.lss
 
Create Flash image (ihex format)
avr-objcopy -R .eeprom -R .fuse -R .lock -R .signature -O ihex Silnik_T1.elf  "Silnik_T1.hex"
Finished building: Silnik_T1.hex
 
Create eeprom image (ihex format)
avr-objcopy -j .eeprom --no-change-warnings --change-section-lma .eeprom=0 -O ihex Silnik_T1.elf  "Silnik_T1.eep"
Finished building: Silnik_T1.eep
 
Invoking: Print Size
avr-size --format=avr --mcu=atmega32 Silnik_T1.elf
AVR Memory Usage
----------------
Device: atmega32

Program:    1242 bytes (3.8% Full)
(.text + .data + .bootloader)

Data:          1 bytes (0.0% Full)
(.data + .bss + .noinit)


Finished building: sizedummy
 
22:50:53 **** Incremental Build of configuration Release for project Silnik_T1 ****
make all 
Building file: ../main.c
Invoking: AVR Compiler
avr-gcc -Wall -Os -fpack-struct -fshort-enums -ffunction-sections -fdata-sections -std=gnu99 -funsigned-char -funsigned-bitfields -mmcu=atmega32 -DF_CPU=8000000UL -MMD -MP -MF"main.d" -MT"main.o" -c -o "main.o" "../main.c"
Finished building: ../main.c
 
Building target: Silnik_T1.elf
Invoking: AVR C Linker
avr-gcc -Wl,-Map,Silnik_T1.map -mmcu=atmega32 -o "Silnik_T1.elf"  ./StepMotor.o ./main.o   
Finished building target: Silnik_T1.elf
 
Invoking: AVR Create Extended Listing
avr-objdump -h -S Silnik_T1.elf  >"Silnik_T1.lss"
Finished building: Silnik_T1.lss
 
Create Flash image (ihex format)
avr-objcopy -R .eeprom -R .fuse -R .lock -R .signature -O ihex Silnik_T1.elf  "Silnik_T1.hex"
Finished building: Silnik_T1.hex
 
Create eeprom image (ihex format)
avr-objcopy -j .eeprom --no-change-warnings --change-section-lma .eeprom=0 -O ihex Silnik_T1.elf  "Silnik_T1.eep"
Finished building: Silnik_T1.eep
 
Invoking: Print Size
avr-size --format=avr --mcu=atmega32 Silnik_T1.elf
AVR Memory Usage
----------------
Device: atmega32

Program:    1242 bytes (3.8% Full)
(.text + .data + .bootloader)

Data:          1 bytes (0.0% Full)
(.data + .bss + .noinit)


Finished building: sizedummy
 
22:51:29 **** Incremental Build of configuration Release for project Silnik_T1 ****
make all 
Building file: ../main.c
Invoking: AVR Compiler
avr-gcc -Wall -Os -fpack-struct -fshort-enums -ffunction-sections -fdata-sections -std=gnu99 -funsigned-char -funsigned-bitfields -mmcu=atmega32 -DF_CPU=8000000UL -MMD -MP -MF"main.d" -MT"main.o" -c -o "main.o" "../main.c"
Finished building: ../main.c
 
Building target: Silnik_T1.elf
Invoking: AVR C Linker
avr-gcc -Wl,-Map,Silnik_T1.map -mmcu=atmega32 -o "Silnik_T1.elf"  ./StepMotor.o ./main.o   
Finished building target: Silnik_T1.elf
 
Invoking: AVR Create Extended Listing
avr-objdump -h -S Silnik_T1.elf  >"Silnik_T1.lss"
Finished building: Silnik_T1.lss
 
Create Flash image (ihex format)
avr-objcopy -R .eeprom -R .fuse -R .lock -R .signature -O ihex Silnik_T1.elf  "Silnik_T1.hex"
Finished building: Silnik_T1.hex
 
Create eeprom image (ihex format)
avr-objcopy -j .eeprom --no-change-warnings --change-section-lma .eeprom=0 -O ihex Silnik_T1.elf  "Silnik_T1.eep"
Finished building: Silnik_T1.eep
 
Invoking: Print Size
avr-size --format=avr --mcu=atmega32 Silnik_T1.elf
AVR Memory Usage
----------------
Device: atmega32

Program:    1242 bytes (3.8% Full)
(.text + .data + .bootloader)

Data:          1 bytes (0.0% Full)
(.data + .bss + .noinit)


Finished building: sizedummy
 
22:52:17 **** Incremental Build of configuration Release for project Silnik_T1 ****
make all 
Building file: ../main.c
Invoking: AVR Compiler
avr-gcc -Wall -Os -fpack-struct -fshort-enums -ffunction-sections -fdata-sections -std=gnu99 -funsigned-char -funsigned-bitfields -mmcu=atmega32 -DF_CPU=8000000UL -MMD -MP -MF"main.d" -MT"main.o" -c -o "main.o" "../main.c"
Finished building: ../main.c
 
Building target: Silnik_T1.elf
Invoking: AVR C Linker
avr-gcc -Wl,-Map,Silnik_T1.map -mmcu=atmega32 -o "Silnik_T1.elf"  ./StepMotor.o ./main.o   
Finished building target: Silnik_T1.elf
 
Invoking: AVR Create Extended Listing
avr-objdump -h -S Silnik_T1.elf  >"Silnik_T1.lss"
Finished building: Silnik_T1.lss
 
Create Flash image (ihex format)
avr-objcopy -R .eeprom -R .fuse -R .lock -R .signature -O ihex Silnik_T1.elf  "Silnik_T1.hex"
Finished building: Silnik_T1.hex
 
Create eeprom image (ihex format)
avr-objcopy -j .eeprom --no-change-warnings --change-section-lma .eeprom=0 -O ihex Silnik_T1.elf  "Silnik_T1.eep"
Finished building: Silnik_T1.eep
 
Invoking: Print Size
avr-size --format=avr --mcu=atmega32 Silnik_T1.elf
AVR Memory Usage
----------------
Device: atmega32

Program:    1242 bytes (3.8% Full)
(.text + .data + .bootloader)

Data:          1 bytes (0.0% Full)
(.data + .bss + .noinit)


Finished building: sizedummy
 
22:52:53 **** Incremental Build of configuration Release for project Silnik_T1 ****
make all 
Building file: ../main.c
Invoking: AVR Compiler
avr-gcc -Wall -Os -fpack-struct -fshort-enums -ffunction-sections -fdata-sections -std=gnu99 -funsigned-char -funsigned-bitfields -mmcu=atmega32 -DF_CPU=8000000UL -MMD -MP -MF"main.d" -MT"main.o" -c -o "main.o" "../main.c"
Finished building: ../main.c
 
Building target: Silnik_T1.elf
Invoking: AVR C Linker
avr-gcc -Wl,-Map,Silnik_T1.map -mmcu=atmega32 -o "Silnik_T1.elf"  ./StepMotor.o ./main.o   
Finished building target: Silnik_T1.elf
 
Invoking: AVR Create Extended Listing
avr-objdump -h -S Silnik_T1.elf  >"Silnik_T1.lss"
Finished building: Silnik_T1.lss
 
Create Flash image (ihex format)
avr-objcopy -R .eeprom -R .fuse -R .lock -R .signature -O ihex Silnik_T1.elf  "Silnik_T1.hex"
Finished building: Silnik_T1.hex
 
Create eeprom image (ihex format)
avr-objcopy -j .eeprom --no-change-warnings --change-section-lma .eeprom=0 -O ihex Silnik_T1.elf  "Silnik_T1.eep"
Finished building: Silnik_T1.eep
 
Invoking: Print Size
avr-size --format=avr --mcu=atmega32 Silnik_T1.elf
AVR Memory Usage
----------------
Device: atmega32

Program:    1242 bytes (3.8% Full)
(.text + .data + .bootloader)

Data:          1 bytes (0.0% Full)
(.data + .bss + .noinit)


Finished building: sizedummy
 
22:53:33 **** Incremental Build of configuration Release for project Silnik_T1 ****
make all 
Invoking: Print Size
avr-size --format=avr --mcu=atmega32 Silnik_T1.elf
AVR Memory Usage
----------------
Device: atmega32

Program:    1242 bytes (3.8% Full)
(.text + .data + .bootloader)

Data:          1 bytes (0.0% Full)
(.data + .bss + .noinit)


Finished building: sizedummy
 
22:54:54 **** Incremental Build of configuration Release for project Silnik_T1 ****
make all 
Building file: ../main.c
Invoking: AVR Compiler
avr-gcc -Wall -Os -fpack-struct -fshort-enums -ffunction-sections -fdata-sections -std=gnu99 -funsigned-char -funsigned-bitfields -mmcu=atmega32 -DF_CPU=8000000UL -MMD -MP -MF"main.d" -MT"main.o" -c -o "main.o" "../main.c"
Finished building: ../main.c
 
Building target: Silnik_T1.elf
Invoking: AVR C Linker
avr-gcc -Wl,-Map,Silnik_T1.map -mmcu=atmega32 -o "Silnik_T1.elf"  ./StepMotor.o ./main.o   
Finished building target: Silnik_T1.elf
 
Invoking: AVR Create Extended Listing
avr-objdump -h -S Silnik_T1.elf  >"Silnik_T1.lss"
Finished building: Silnik_T1.lss
 
Create Flash image (ihex format)
avr-objcopy -R .eeprom -R .fuse -R .lock -R .signature -O ihex Silnik_T1.elf  "Silnik_T1.hex"
Finished building: Silnik_T1.hex
 
Create eeprom image (ihex format)
avr-objcopy -j .eeprom --no-change-warnings --change-section-lma .eeprom=0 -O ihex Silnik_T1.elf  "Silnik_T1.eep"
Finished building: Silnik_T1.eep
 
Invoking: Print Size
avr-size --format=avr --mcu=atmega32 Silnik_T1.elf
AVR Memory Usage
----------------
Device: atmega32

Program:    1242 bytes (3.8% Full)
(.text + .data + .bootloader)

Data:          1 bytes (0.0% Full)
(.data + .bss + .noinit)


Finished building: sizedummy
 
22:55:27 **** Incremental Build of configuration Release for project Silnik_T1 ****
make all 
Building file: ../main.c
Invoking: AVR Compiler
avr-gcc -Wall -Os -fpack-struct -fshort-enums -ffunction-sections -fdata-sections -std=gnu99 -funsigned-char -funsigned-bitfields -mmcu=atmega32 -DF_CPU=8000000UL -MMD -MP -MF"main.d" -MT"main.o" -c -o "main.o" "../main.c"
Finished building: ../main.c
 
Building target: Silnik_T1.elf
Invoking: AVR C Linker
avr-gcc -Wl,-Map,Silnik_T1.map -mmcu=atmega32 -o "Silnik_T1.elf"  ./StepMotor.o ./main.o   
Finished building target: Silnik_T1.elf
 
Invoking: AVR Create Extended Listing
avr-objdump -h -S Silnik_T1.elf  >"Silnik_T1.lss"
Finished building: Silnik_T1.lss
 
Create Flash image (ihex format)
avr-objcopy -R .eeprom -R .fuse -R .lock -R .signature -O ihex Silnik_T1.elf  "Silnik_T1.hex"
Finished building: Silnik_T1.hex
 
Create eeprom image (ihex format)
avr-objcopy -j .eeprom --no-change-warnings --change-section-lma .eeprom=0 -O ihex Silnik_T1.elf  "Silnik_T1.eep"
Finished building: Silnik_T1.eep
 
Invoking: Print Size
avr-size --format=avr --mcu=atmega32 Silnik_T1.elf
AVR Memory Usage
----------------
Device: atmega32

Program:    1242 bytes (3.8% Full)
(.text + .data + .bootloader)

Data:          1 bytes (0.0% Full)
(.data + .bss + .noinit)


Finished building: sizedummy
 
