22:55:27 **** Incremental Build of configuration Release for project Silnik_T1 ****
make all 
Building file: ../main.c
Invoking: AVR Compiler
avr-gcc -Wall -Os -fpack-struct -fshort-enums -ffunction-sections -fdata-sections -std=gnu99 -funsigned-char -funsigned-bitfields -mmcu=atmega32 -DF_CPU=8000000UL -MMD -MP -MF"main.d" -MT"main.o" -c -o "main.o" "../main.c"
Finished building: ../main.c
 
Building target: Silnik_T1.elf
Invoking: AVR C Linker
avr-gcc -Wl,-Map,Silnik_T1.map -mmcu=atmega32 -o "Silnik_T1.elf"  ./StepMotor.o ./main.o   
Finished building target: Silnik_T1.elf
 
Invoking: AVR Create Extended Listing
avr-objdump -h -S Silnik_T1.elf  >"Silnik_T1.lss"
Finished building: Silnik_T1.lss
 
Create Flash image (ihex format)
avr-objcopy -R .eeprom -R .fuse -R .lock -R .signature -O ihex Silnik_T1.elf  "Silnik_T1.hex"
Finished building: Silnik_T1.hex
 
Create eeprom image (ihex format)
avr-objcopy -j .eeprom --no-change-warnings --change-section-lma .eeprom=0 -O ihex Silnik_T1.elf  "Silnik_T1.eep"
Finished building: Silnik_T1.eep
 
Invoking: Print Size
avr-size --format=avr --mcu=atmega32 Silnik_T1.elf
AVR Memory Usage
----------------
Device: atmega32

Program:    1242 bytes (3.8% Full)
(.text + .data + .bootloader)

Data:          1 bytes (0.0% Full)
(.data + .bss + .noinit)


Finished building: sizedummy
 

22:55:27 Build Finished. 0 errors, 0 warnings. (took 891ms)

