20:24:02 **** Incremental Build of configuration Release for project SD_gotowy ****
make all 
Building file: ../diskio.c
Invoking: AVR Compiler
avr-gcc -Wall -Os -fpack-struct -fshort-enums -ffunction-sections -fdata-sections -std=gnu99 -funsigned-char -funsigned-bitfields -mmcu=atmega32 -DF_CPU=8000000UL -MMD -MP -MF"diskio.d" -MT"diskio.o" -c -o "diskio.o" "../diskio.c"
Finished building: ../diskio.c
 
Building file: ../ff.c
Invoking: AVR Compiler
avr-gcc -Wall -Os -fpack-struct -fshort-enums -ffunction-sections -fdata-sections -std=gnu99 -funsigned-char -funsigned-bitfields -mmcu=atmega32 -DF_CPU=8000000UL -MMD -MP -MF"ff.d" -MT"ff.o" -c -o "ff.o" "../ff.c"
Finished building: ../ff.c
 
Building file: ../ffunicode_avr.c
Invoking: AVR Compiler
avr-gcc -Wall -Os -fpack-struct -fshort-enums -ffunction-sections -fdata-sections -std=gnu99 -funsigned-char -funsigned-bitfields -mmcu=atmega32 -DF_CPU=8000000UL -MMD -MP -MF"ffunicode_avr.d" -MT"ffunicode_avr.o" -c -o "ffunicode_avr.o" "../ffunicode_avr.c"
Finished building: ../ffunicode_avr.c
 
Building file: ../main.c
Invoking: AVR Compiler
avr-gcc -Wall -Os -fpack-struct -fshort-enums -ffunction-sections -fdata-sections -std=gnu99 -funsigned-char -funsigned-bitfields -mmcu=atmega32 -DF_CPU=8000000UL -MMD -MP -MF"main.d" -MT"main.o" -c -o "main.o" "../main.c"
Finished building: ../main.c
 
Building file: ../mmc_avr_spi.c
Invoking: AVR Compiler
avr-gcc -Wall -Os -fpack-struct -fshort-enums -ffunction-sections -fdata-sections -std=gnu99 -funsigned-char -funsigned-bitfields -mmcu=atmega32 -DF_CPU=8000000UL -MMD -MP -MF"mmc_avr_spi.d" -MT"mmc_avr_spi.o" -c -o "mmc_avr_spi.o" "../mmc_avr_spi.c"
Finished building: ../mmc_avr_spi.c
 
Building target: SD_gotowy.elf
Invoking: AVR C Linker
avr-gcc -Wl,-Map,SD_gotowy.map -mmcu=atmega32 -o "SD_gotowy.elf"  ./HD44780.o ./diskio.o ./ff.o ./ffunicode_avr.o ./main.o ./mmc_avr_spi.o   
Finished building target: SD_gotowy.elf
 
Invoking: AVR Create Extended Listing
avr-objdump -h -S SD_gotowy.elf  >"SD_gotowy.lss"
Finished building: SD_gotowy.lss
 
Create Flash image (ihex format)
avr-objcopy -R .eeprom -R .fuse -R .lock -R .signature -O ihex SD_gotowy.elf  "SD_gotowy.hex"
Finished building: SD_gotowy.hex
 
Create eeprom image (ihex format)
avr-objcopy -j .eeprom --no-change-warnings --change-section-lma .eeprom=0 -O ihex SD_gotowy.elf  "SD_gotowy.eep"
Finished building: SD_gotowy.eep
 
Invoking: Print Size
avr-size --format=avr --mcu=atmega32 SD_gotowy.elf
AVR Memory Usage
----------------
Device: atmega32

Program:   16932 bytes (51.7% Full)
(.text + .data + .bootloader)

Data:        876 bytes (42.8% Full)
(.data + .bss + .noinit)


Finished building: sizedummy
 

20:24:05 Build Finished. 0 errors, 0 warnings. (took 2s.276ms)

