11:35:09 **** Build of configuration Release for project Proba_4 ****
make all 
Building file: ../HD44780.c
Invoking: AVR Compiler
avr-gcc -Wall -Os -fpack-struct -fshort-enums -ffunction-sections -fdata-sections -std=gnu99 -funsigned-char -funsigned-bitfields -mmcu=atmega32 -DF_CPU=8000000UL -MMD -MP -MF"HD44780.d" -MT"HD44780.o" -c -o "HD44780.o" "../HD44780.c"
Finished building: ../HD44780.c
 
Building file: ../main.c
Invoking: AVR Compiler
avr-gcc -Wall -Os -fpack-struct -fshort-enums -ffunction-sections -fdata-sections -std=gnu99 -funsigned-char -funsigned-bitfields -mmcu=atmega32 -DF_CPU=8000000UL -MMD -MP -MF"main.d" -MT"main.o" -c -o "main.o" "../main.c"
Finished building: ../main.c
 
Building target: Proba_4.elf
Invoking: AVR C Linker
avr-gcc -Wl,-Map,Proba_4.map -mmcu=atmega32 -o "Proba_4.elf"  ./HD44780.o ./main.o   
Finished building target: Proba_4.elf
 
Invoking: AVR Create Extended Listing
avr-objdump -h -S Proba_4.elf  >"Proba_4.lss"
Finished building: Proba_4.lss
 
Create Flash image (ihex format)
avr-objcopy -R .eeprom -R .fuse -R .lock -R .signature -O ihex Proba_4.elf  "Proba_4.hex"
Finished building: Proba_4.hex
 
Create eeprom image (ihex format)
avr-objcopy -j .eeprom --no-change-warnings --change-section-lma .eeprom=0 -O ihex Proba_4.elf  "Proba_4.eep"
Finished building: Proba_4.eep
 
Invoking: Print Size
avr-size --format=avr --mcu=atmega32 Proba_4.elf
AVR Memory Usage
----------------
Device: atmega32

Program:    2548 bytes (7.8% Full)
(.text + .data + .bootloader)

Data:         26 bytes (1.3% Full)
(.data + .bss + .noinit)


Finished building: sizedummy
 
11:38:55 **** Incremental Build of configuration Release for project Proba_4 ****
make all 
Building file: ../main.c
Invoking: AVR Compiler
avr-gcc -Wall -Os -fpack-struct -fshort-enums -ffunction-sections -fdata-sections -std=gnu99 -funsigned-char -funsigned-bitfields -mmcu=atmega32 -DF_CPU=8000000UL -MMD -MP -MF"main.d" -MT"main.o" -c -o "main.o" "../main.c"
Finished building: ../main.c
 
Building target: Proba_4.elf
Invoking: AVR C Linker
avr-gcc -Wl,-Map,Proba_4.map -mmcu=atmega32 -o "Proba_4.elf"  ./HD44780.o ./main.o   
Finished building target: Proba_4.elf
 
Invoking: AVR Create Extended Listing
avr-objdump -h -S Proba_4.elf  >"Proba_4.lss"
Finished building: Proba_4.lss
 
Create Flash image (ihex format)
avr-objcopy -R .eeprom -R .fuse -R .lock -R .signature -O ihex Proba_4.elf  "Proba_4.hex"
Finished building: Proba_4.hex
 
Create eeprom image (ihex format)
avr-objcopy -j .eeprom --no-change-warnings --change-section-lma .eeprom=0 -O ihex Proba_4.elf  "Proba_4.eep"
Finished building: Proba_4.eep
 
Invoking: Print Size
avr-size --format=avr --mcu=atmega32 Proba_4.elf
AVR Memory Usage
----------------
Device: atmega32

Program:    2646 bytes (8.1% Full)
(.text + .data + .bootloader)

Data:         36 bytes (1.8% Full)
(.data + .bss + .noinit)


Finished building: sizedummy
 
11:41:52 **** Incremental Build of configuration Release for project Proba_4 ****
make all 
Invoking: Print Size
avr-size --format=avr --mcu=atmega32 Proba_4.elf
AVR Memory Usage
----------------
Device: atmega32

Program:    2646 bytes (8.1% Full)
(.text + .data + .bootloader)

Data:         36 bytes (1.8% Full)
(.data + .bss + .noinit)


Finished building: sizedummy
 
11:42:47 **** Incremental Build of configuration Release for project Proba_4 ****
make all 
Building file: ../main.c
Invoking: AVR Compiler
avr-gcc -Wall -Os -fpack-struct -fshort-enums -ffunction-sections -fdata-sections -std=gnu99 -funsigned-char -funsigned-bitfields -mmcu=atmega32 -DF_CPU=8000000UL -MMD -MP -MF"main.d" -MT"main.o" -c -o "main.o" "../main.c"
Finished building: ../main.c
 
Building target: Proba_4.elf
Invoking: AVR C Linker
avr-gcc -Wl,-Map,Proba_4.map -mmcu=atmega32 -o "Proba_4.elf"  ./HD44780.o ./main.o   
Finished building target: Proba_4.elf
 
Invoking: AVR Create Extended Listing
avr-objdump -h -S Proba_4.elf  >"Proba_4.lss"
Finished building: Proba_4.lss
 
Create Flash image (ihex format)
avr-objcopy -R .eeprom -R .fuse -R .lock -R .signature -O ihex Proba_4.elf  "Proba_4.hex"
Finished building: Proba_4.hex
 
Create eeprom image (ihex format)
avr-objcopy -j .eeprom --no-change-warnings --change-section-lma .eeprom=0 -O ihex Proba_4.elf  "Proba_4.eep"
Finished building: Proba_4.eep
 
Invoking: Print Size
avr-size --format=avr --mcu=atmega32 Proba_4.elf
AVR Memory Usage
----------------
Device: atmega32

Program:    2646 bytes (8.1% Full)
(.text + .data + .bootloader)

Data:         36 bytes (1.8% Full)
(.data + .bss + .noinit)


Finished building: sizedummy
 
11:44:41 **** Incremental Build of configuration Release for project Proba_4 ****
make all 
Building file: ../main.c
Invoking: AVR Compiler
avr-gcc -Wall -Os -fpack-struct -fshort-enums -ffunction-sections -fdata-sections -std=gnu99 -funsigned-char -funsigned-bitfields -mmcu=atmega32 -DF_CPU=8000000UL -MMD -MP -MF"main.d" -MT"main.o" -c -o "main.o" "../main.c"
Finished building: ../main.c
 
Building target: Proba_4.elf
Invoking: AVR C Linker
avr-gcc -Wl,-Map,Proba_4.map -mmcu=atmega32 -o "Proba_4.elf"  ./HD44780.o ./main.o   
Finished building target: Proba_4.elf
 
Invoking: AVR Create Extended Listing
avr-objdump -h -S Proba_4.elf  >"Proba_4.lss"
Finished building: Proba_4.lss
 
Create Flash image (ihex format)
avr-objcopy -R .eeprom -R .fuse -R .lock -R .signature -O ihex Proba_4.elf  "Proba_4.hex"
Finished building: Proba_4.hex
 
Create eeprom image (ihex format)
avr-objcopy -j .eeprom --no-change-warnings --change-section-lma .eeprom=0 -O ihex Proba_4.elf  "Proba_4.eep"
Finished building: Proba_4.eep
 
Invoking: Print Size
avr-size --format=avr --mcu=atmega32 Proba_4.elf
AVR Memory Usage
----------------
Device: atmega32

Program:    2646 bytes (8.1% Full)
(.text + .data + .bootloader)

Data:         36 bytes (1.8% Full)
(.data + .bss + .noinit)


Finished building: sizedummy
 
11:46:41 **** Incremental Build of configuration Release for project Proba_4 ****
make all 
Building file: ../main.c
Invoking: AVR Compiler
avr-gcc -Wall -Os -fpack-struct -fshort-enums -ffunction-sections -fdata-sections -std=gnu99 -funsigned-char -funsigned-bitfields -mmcu=atmega32 -DF_CPU=8000000UL -MMD -MP -MF"main.d" -MT"main.o" -c -o "main.o" "../main.c"
Finished building: ../main.c
 
Building target: Proba_4.elf
Invoking: AVR C Linker
avr-gcc -Wl,-Map,Proba_4.map -mmcu=atmega32 -o "Proba_4.elf"  ./HD44780.o ./main.o   
Finished building target: Proba_4.elf
 
Invoking: AVR Create Extended Listing
avr-objdump -h -S Proba_4.elf  >"Proba_4.lss"
Finished building: Proba_4.lss
 
Create Flash image (ihex format)
avr-objcopy -R .eeprom -R .fuse -R .lock -R .signature -O ihex Proba_4.elf  "Proba_4.hex"
Finished building: Proba_4.hex
 
Create eeprom image (ihex format)
avr-objcopy -j .eeprom --no-change-warnings --change-section-lma .eeprom=0 -O ihex Proba_4.elf  "Proba_4.eep"
Finished building: Proba_4.eep
 
Invoking: Print Size
avr-size --format=avr --mcu=atmega32 Proba_4.elf
AVR Memory Usage
----------------
Device: atmega32

Program:     562 bytes (1.7% Full)
(.text + .data + .bootloader)

Data:          8 bytes (0.4% Full)
(.data + .bss + .noinit)


Finished building: sizedummy
 
11:46:47 **** Incremental Build of configuration Release for project Proba_4 ****
make all 
Invoking: Print Size
avr-size --format=avr --mcu=atmega32 Proba_4.elf
AVR Memory Usage
----------------
Device: atmega32

Program:     562 bytes (1.7% Full)
(.text + .data + .bootloader)

Data:          8 bytes (0.4% Full)
(.data + .bss + .noinit)


Finished building: sizedummy
 
12:24:50 **** Incremental Build of configuration Release for project Proba_4 ****
make all 
Building file: ../main.c
Invoking: AVR Compiler
avr-gcc -Wall -Os -fpack-struct -fshort-enums -ffunction-sections -fdata-sections -std=gnu99 -funsigned-char -funsigned-bitfields -mmcu=atmega32 -DF_CPU=8000000UL -MMD -MP -MF"main.d" -MT"main.o" -c -o "main.o" "../main.c"
Finished building: ../main.c
 
Building target: Proba_4.elf
Invoking: AVR C Linker
avr-gcc -Wl,-Map,Proba_4.map -mmcu=atmega32 -o "Proba_4.elf"  ./HD44780.o ./main.o   
Finished building target: Proba_4.elf
 
Invoking: AVR Create Extended Listing
avr-objdump -h -S Proba_4.elf  >"Proba_4.lss"
Finished building: Proba_4.lss
 
Create Flash image (ihex format)
avr-objcopy -R .eeprom -R .fuse -R .lock -R .signature -O ihex Proba_4.elf  "Proba_4.hex"
Finished building: Proba_4.hex
 
Create eeprom image (ihex format)
avr-objcopy -j .eeprom --no-change-warnings --change-section-lma .eeprom=0 -O ihex Proba_4.elf  "Proba_4.eep"
Finished building: Proba_4.eep
 
Invoking: Print Size
avr-size --format=avr --mcu=atmega32 Proba_4.elf
AVR Memory Usage
----------------
Device: atmega32

Program:     562 bytes (1.7% Full)
(.text + .data + .bootloader)

Data:          8 bytes (0.4% Full)
(.data + .bss + .noinit)


Finished building: sizedummy
 
12:24:55 **** Incremental Build of configuration Release for project Proba_4 ****
make all 
Invoking: Print Size
avr-size --format=avr --mcu=atmega32 Proba_4.elf
AVR Memory Usage
----------------
Device: atmega32

Program:     562 bytes (1.7% Full)
(.text + .data + .bootloader)

Data:          8 bytes (0.4% Full)
(.data + .bss + .noinit)


Finished building: sizedummy
 
12:25:20 **** Incremental Build of configuration Release for project Proba_4 ****
make all 
Invoking: Print Size
avr-size --format=avr --mcu=atmega32 Proba_4.elf
AVR Memory Usage
----------------
Device: atmega32

Program:     562 bytes (1.7% Full)
(.text + .data + .bootloader)

Data:          8 bytes (0.4% Full)
(.data + .bss + .noinit)


Finished building: sizedummy
 
