11:32:56 **** Build of configuration Release for project Wyswietlacz ****
make all 
Building file: ../main.c
Invoking: AVR Compiler
avr-gcc -Wall -Os -fpack-struct -fshort-enums -ffunction-sections -fdata-sections -std=gnu99 -funsigned-char -funsigned-bitfields -mmcu=atmega32 -DF_CPU=8000000UL -MMD -MP -MF"main.d" -MT"main.o" -c -o "main.o" "../main.c"
Finished building: ../main.c
 
Building target: Wyswietlacz.elf
Invoking: AVR C Linker
avr-gcc -Wl,-Map,Wyswietlacz.map -mmcu=atmega32 -o "Wyswietlacz.elf"  ./main.o   
Finished building target: Wyswietlacz.elf
 
Invoking: AVR Create Extended Listing
avr-objdump -h -S Wyswietlacz.elf  >"Wyswietlacz.lss"
Finished building: Wyswietlacz.lss
 
Create Flash image (ihex format)
avr-objcopy -R .eeprom -R .fuse -R .lock -R .signature -O ihex Wyswietlacz.elf  "Wyswietlacz.hex"
Finished building: Wyswietlacz.hex
 
Create eeprom image (ihex format)
avr-objcopy -j .eeprom --no-change-warnings --change-section-lma .eeprom=0 -O ihex Wyswietlacz.elf  "Wyswietlacz.eep"
Finished building: Wyswietlacz.eep
 
Invoking: Print Size
avr-size --format=avr --mcu=atmega32 Wyswietlacz.elf
AVR Memory Usage
----------------
Device: atmega32

Program:    1000 bytes (3.1% Full)
(.text + .data + .bootloader)

Data:          1 bytes (0.0% Full)
(.data + .bss + .noinit)


Finished building: sizedummy
 
11:33:12 **** Incremental Build of configuration Release for project Wyswietlacz ****
make all 
Building file: ../main.c
Invoking: AVR Compiler
avr-gcc -Wall -Os -fpack-struct -fshort-enums -ffunction-sections -fdata-sections -std=gnu99 -funsigned-char -funsigned-bitfields -mmcu=atmega32 -DF_CPU=8000000UL -MMD -MP -MF"main.d" -MT"main.o" -c -o "main.o" "../main.c"
Finished building: ../main.c
 
Building target: Wyswietlacz.elf
Invoking: AVR C Linker
avr-gcc -Wl,-Map,Wyswietlacz.map -mmcu=atmega32 -o "Wyswietlacz.elf"  ./main.o   
Finished building target: Wyswietlacz.elf
 
Invoking: AVR Create Extended Listing
avr-objdump -h -S Wyswietlacz.elf  >"Wyswietlacz.lss"
Finished building: Wyswietlacz.lss
 
Create Flash image (ihex format)
avr-objcopy -R .eeprom -R .fuse -R .lock -R .signature -O ihex Wyswietlacz.elf  "Wyswietlacz.hex"
Finished building: Wyswietlacz.hex
 
Create eeprom image (ihex format)
avr-objcopy -j .eeprom --no-change-warnings --change-section-lma .eeprom=0 -O ihex Wyswietlacz.elf  "Wyswietlacz.eep"
Finished building: Wyswietlacz.eep
 
Invoking: Print Size
avr-size --format=avr --mcu=atmega32 Wyswietlacz.elf
AVR Memory Usage
----------------
Device: atmega32

Program:    1000 bytes (3.1% Full)
(.text + .data + .bootloader)

Data:          1 bytes (0.0% Full)
(.data + .bss + .noinit)


Finished building: sizedummy
 
11:42:22 **** Clean-only build of configuration Release for project Wyswietlacz ****
make clean 
rm -rf  Wyswietlacz.hex  ./main.o  Wyswietlacz.eep  sizedummy  Wyswietlacz.lss  ./main.d  Wyswietlacz.elf
 
11:42:22 **** Incremental Build of configuration Release for project Wyswietlacz ****
make all 
Building file: ../main.c
Invoking: AVR Compiler
avr-gcc -Wall -Os -fpack-struct -fshort-enums -ffunction-sections -fdata-sections -std=gnu99 -funsigned-char -funsigned-bitfields -mmcu=atmega32 -DF_CPU=8000000UL -MMD -MP -MF"main.d" -MT"main.o" -c -o "main.o" "../main.c"
Finished building: ../main.c
 
Building target: Wyswietlacz.elf
Invoking: AVR C Linker
avr-gcc -Wl,-Map,Wyswietlacz.map -mmcu=atmega32 -o "Wyswietlacz.elf"  ./main.o   
Finished building target: Wyswietlacz.elf
 
Invoking: AVR Create Extended Listing
avr-objdump -h -S Wyswietlacz.elf  >"Wyswietlacz.lss"
Finished building: Wyswietlacz.lss
 
Create Flash image (ihex format)
avr-objcopy -R .eeprom -R .fuse -R .lock -R .signature -O ihex Wyswietlacz.elf  "Wyswietlacz.hex"
Finished building: Wyswietlacz.hex
 
Create eeprom image (ihex format)
avr-objcopy -j .eeprom --no-change-warnings --change-section-lma .eeprom=0 -O ihex Wyswietlacz.elf  "Wyswietlacz.eep"
Finished building: Wyswietlacz.eep
 
Invoking: Print Size
avr-size --format=avr --mcu=atmega32 Wyswietlacz.elf
AVR Memory Usage
----------------
Device: atmega32

Program:    1000 bytes (3.1% Full)
(.text + .data + .bootloader)

Data:          1 bytes (0.0% Full)
(.data + .bss + .noinit)


Finished building: sizedummy
 
14:58:08 **** Incremental Build of configuration Release for project Wyswietlacz ****
make all 
Building file: ../HD44780.c
Invoking: AVR Compiler
avr-gcc -Wall -Os -fpack-struct -fshort-enums -ffunction-sections -fdata-sections -std=gnu99 -funsigned-char -funsigned-bitfields -mmcu=atmega32 -DF_CPU=8000000UL -MMD -MP -MF"HD44780.d" -MT"HD44780.o" -c -o "HD44780.o" "../HD44780.c"
Finished building: ../HD44780.c
 
Building file: ../main.c
Invoking: AVR Compiler
avr-gcc -Wall -Os -fpack-struct -fshort-enums -ffunction-sections -fdata-sections -std=gnu99 -funsigned-char -funsigned-bitfields -mmcu=atmega32 -DF_CPU=8000000UL -MMD -MP -MF"main.d" -MT"main.o" -c -o "main.o" "../main.c"
Finished building: ../main.c
 
Building target: Wyswietlacz.elf
Invoking: AVR C Linker
avr-gcc -Wl,-Map,Wyswietlacz.map -mmcu=atmega32 -o "Wyswietlacz.elf"  ./HD44780.o ./main.o   
Finished building target: Wyswietlacz.elf
 
Invoking: AVR Create Extended Listing
avr-objdump -h -S Wyswietlacz.elf  >"Wyswietlacz.lss"
Finished building: Wyswietlacz.lss
 
Create Flash image (ihex format)
avr-objcopy -R .eeprom -R .fuse -R .lock -R .signature -O ihex Wyswietlacz.elf  "Wyswietlacz.hex"
Finished building: Wyswietlacz.hex
 
Create eeprom image (ihex format)
avr-objcopy -j .eeprom --no-change-warnings --change-section-lma .eeprom=0 -O ihex Wyswietlacz.elf  "Wyswietlacz.eep"
Finished building: Wyswietlacz.eep
 
Invoking: Print Size
avr-size --format=avr --mcu=atmega32 Wyswietlacz.elf
AVR Memory Usage
----------------
Device: atmega32

Program:    2884 bytes (8.8% Full)
(.text + .data + .bootloader)

Data:         28 bytes (1.4% Full)
(.data + .bss + .noinit)


Finished building: sizedummy
 
14:58:35 **** Incremental Build of configuration Release for project Wyswietlacz ****
make all 
Invoking: Print Size
avr-size --format=avr --mcu=atmega32 Wyswietlacz.elf
AVR Memory Usage
----------------
Device: atmega32

Program:    2884 bytes (8.8% Full)
(.text + .data + .bootloader)

Data:         28 bytes (1.4% Full)
(.data + .bss + .noinit)


Finished building: sizedummy
 
14:59:26 **** Incremental Build of configuration Release for project Wyswietlacz ****
make all 
Building file: ../main.c
Invoking: AVR Compiler
avr-gcc -Wall -Os -fpack-struct -fshort-enums -ffunction-sections -fdata-sections -std=gnu99 -funsigned-char -funsigned-bitfields -mmcu=atmega32 -DF_CPU=8000000UL -MMD -MP -MF"main.d" -MT"main.o" -c -o "main.o" "../main.c"
Finished building: ../main.c
 
Building target: Wyswietlacz.elf
Invoking: AVR C Linker
avr-gcc -Wl,-Map,Wyswietlacz.map -mmcu=atmega32 -o "Wyswietlacz.elf"  ./HD44780.o ./main.o   
Finished building target: Wyswietlacz.elf
 
Invoking: AVR Create Extended Listing
avr-objdump -h -S Wyswietlacz.elf  >"Wyswietlacz.lss"
Finished building: Wyswietlacz.lss
 
Create Flash image (ihex format)
avr-objcopy -R .eeprom -R .fuse -R .lock -R .signature -O ihex Wyswietlacz.elf  "Wyswietlacz.hex"
Finished building: Wyswietlacz.hex
 
Create eeprom image (ihex format)
avr-objcopy -j .eeprom --no-change-warnings --change-section-lma .eeprom=0 -O ihex Wyswietlacz.elf  "Wyswietlacz.eep"
Finished building: Wyswietlacz.eep
 
Invoking: Print Size
avr-size --format=avr --mcu=atmega32 Wyswietlacz.elf
AVR Memory Usage
----------------
Device: atmega32

Program:    2840 bytes (8.7% Full)
(.text + .data + .bootloader)

Data:         28 bytes (1.4% Full)
(.data + .bss + .noinit)


Finished building: sizedummy
 
15:00:22 **** Incremental Build of configuration Release for project Wyswietlacz ****
make all 
Building file: ../main.c
Invoking: AVR Compiler
avr-gcc -Wall -Os -fpack-struct -fshort-enums -ffunction-sections -fdata-sections -std=gnu99 -funsigned-char -funsigned-bitfields -mmcu=atmega32 -DF_CPU=8000000UL -MMD -MP -MF"main.d" -MT"main.o" -c -o "main.o" "../main.c"
Finished building: ../main.c
 
Building target: Wyswietlacz.elf
Invoking: AVR C Linker
avr-gcc -Wl,-Map,Wyswietlacz.map -mmcu=atmega32 -o "Wyswietlacz.elf"  ./HD44780.o ./main.o   
Finished building target: Wyswietlacz.elf
 
Invoking: AVR Create Extended Listing
avr-objdump -h -S Wyswietlacz.elf  >"Wyswietlacz.lss"
Finished building: Wyswietlacz.lss
 
Create Flash image (ihex format)
avr-objcopy -R .eeprom -R .fuse -R .lock -R .signature -O ihex Wyswietlacz.elf  "Wyswietlacz.hex"
Finished building: Wyswietlacz.hex
 
Create eeprom image (ihex format)
avr-objcopy -j .eeprom --no-change-warnings --change-section-lma .eeprom=0 -O ihex Wyswietlacz.elf  "Wyswietlacz.eep"
Finished building: Wyswietlacz.eep
 
Invoking: Print Size
avr-size --format=avr --mcu=atmega32 Wyswietlacz.elf
AVR Memory Usage
----------------
Device: atmega32

Program:    2550 bytes (7.8% Full)
(.text + .data + .bootloader)

Data:         28 bytes (1.4% Full)
(.data + .bss + .noinit)


Finished building: sizedummy
 
15:00:23 **** Incremental Build of configuration Release for project Wyswietlacz ****
make all 
Invoking: Print Size
avr-size --format=avr --mcu=atmega32 Wyswietlacz.elf
AVR Memory Usage
----------------
Device: atmega32

Program:    2550 bytes (7.8% Full)
(.text + .data + .bootloader)

Data:         28 bytes (1.4% Full)
(.data + .bss + .noinit)


Finished building: sizedummy
 
15:00:31 **** Incremental Build of configuration Release for project Wyswietlacz ****
make all 
Building file: ../main.c
Invoking: AVR Compiler
avr-gcc -Wall -Os -fpack-struct -fshort-enums -ffunction-sections -fdata-sections -std=gnu99 -funsigned-char -funsigned-bitfields -mmcu=atmega32 -DF_CPU=8000000UL -MMD -MP -MF"main.d" -MT"main.o" -c -o "main.o" "../main.c"
Finished building: ../main.c
 
Building target: Wyswietlacz.elf
Invoking: AVR C Linker
avr-gcc -Wl,-Map,Wyswietlacz.map -mmcu=atmega32 -o "Wyswietlacz.elf"  ./HD44780.o ./main.o   
Finished building target: Wyswietlacz.elf
 
Invoking: AVR Create Extended Listing
avr-objdump -h -S Wyswietlacz.elf  >"Wyswietlacz.lss"
Finished building: Wyswietlacz.lss
 
Create Flash image (ihex format)
avr-objcopy -R .eeprom -R .fuse -R .lock -R .signature -O ihex Wyswietlacz.elf  "Wyswietlacz.hex"
Finished building: Wyswietlacz.hex
 
Create eeprom image (ihex format)
avr-objcopy -j .eeprom --no-change-warnings --change-section-lma .eeprom=0 -O ihex Wyswietlacz.elf  "Wyswietlacz.eep"
Finished building: Wyswietlacz.eep
 
Invoking: Print Size
avr-size --format=avr --mcu=atmega32 Wyswietlacz.elf
AVR Memory Usage
----------------
Device: atmega32

Program:    2548 bytes (7.8% Full)
(.text + .data + .bootloader)

Data:         26 bytes (1.3% Full)
(.data + .bss + .noinit)


Finished building: sizedummy
 
14:22:25 **** Incremental Build of configuration Release for project Wyswietlacz ****
make all 
Invoking: Print Size
avr-size --format=avr --mcu=atmega32 Wyswietlacz.elf
AVR Memory Usage
----------------
Device: atmega32

Program:    2548 bytes (7.8% Full)
(.text + .data + .bootloader)

Data:         26 bytes (1.3% Full)
(.data + .bss + .noinit)


Finished building: sizedummy
 
14:22:32 **** Incremental Build of configuration Release for project Wyswietlacz ****
make all 
Invoking: Print Size
avr-size --format=avr --mcu=atmega32 Wyswietlacz.elf
AVR Memory Usage
----------------
Device: atmega32

Program:    2548 bytes (7.8% Full)
(.text + .data + .bootloader)

Data:         26 bytes (1.3% Full)
(.data + .bss + .noinit)


Finished building: sizedummy
 
14:23:05 **** Incremental Build of configuration Release for project Wyswietlacz ****
make all 
Invoking: Print Size
avr-size --format=avr --mcu=atmega32 Wyswietlacz.elf
AVR Memory Usage
----------------
Device: atmega32

Program:    2548 bytes (7.8% Full)
(.text + .data + .bootloader)

Data:         26 bytes (1.3% Full)
(.data + .bss + .noinit)


Finished building: sizedummy
 
14:23:14 **** Incremental Build of configuration Release for project Wyswietlacz ****
make all 
Invoking: Print Size
avr-size --format=avr --mcu=atmega32 Wyswietlacz.elf
AVR Memory Usage
----------------
Device: atmega32

Program:    2548 bytes (7.8% Full)
(.text + .data + .bootloader)

Data:         26 bytes (1.3% Full)
(.data + .bss + .noinit)


Finished building: sizedummy
 
14:25:00 **** Incremental Build of configuration Release for project Wyswietlacz ****
make all 
Invoking: Print Size
avr-size --format=avr --mcu=atmega32 Wyswietlacz.elf
AVR Memory Usage
----------------
Device: atmega32

Program:    2548 bytes (7.8% Full)
(.text + .data + .bootloader)

Data:         26 bytes (1.3% Full)
(.data + .bss + .noinit)


Finished building: sizedummy
 
14:26:47 **** Incremental Build of configuration Release for project Wyswietlacz ****
make all 
Building file: ../main.c
Invoking: AVR Compiler
avr-gcc -Wall -Os -fpack-struct -fshort-enums -ffunction-sections -fdata-sections -std=gnu99 -funsigned-char -funsigned-bitfields -mmcu=atmega32 -DF_CPU=8000000UL -MMD -MP -MF"main.d" -MT"main.o" -c -o "main.o" "../main.c"
Finished building: ../main.c
 
Building target: Wyswietlacz.elf
Invoking: AVR C Linker
avr-gcc -Wl,-Map,Wyswietlacz.map -mmcu=atmega32 -o "Wyswietlacz.elf"  ./HD44780.o ./main.o   
Finished building target: Wyswietlacz.elf
 
Invoking: AVR Create Extended Listing
avr-objdump -h -S Wyswietlacz.elf  >"Wyswietlacz.lss"
Finished building: Wyswietlacz.lss
 
Create Flash image (ihex format)
avr-objcopy -R .eeprom -R .fuse -R .lock -R .signature -O ihex Wyswietlacz.elf  "Wyswietlacz.hex"
Finished building: Wyswietlacz.hex
 
Create eeprom image (ihex format)
avr-objcopy -j .eeprom --no-change-warnings --change-section-lma .eeprom=0 -O ihex Wyswietlacz.elf  "Wyswietlacz.eep"
Finished building: Wyswietlacz.eep
 
Invoking: Print Size
avr-size --format=avr --mcu=atmega32 Wyswietlacz.elf
AVR Memory Usage
----------------
Device: atmega32

Program:    2552 bytes (7.8% Full)
(.text + .data + .bootloader)

Data:         30 bytes (1.5% Full)
(.data + .bss + .noinit)


Finished building: sizedummy
 
14:26:58 **** Incremental Build of configuration Release for project Wyswietlacz ****
make all 
Invoking: Print Size
avr-size --format=avr --mcu=atmega32 Wyswietlacz.elf
AVR Memory Usage
----------------
Device: atmega32

Program:    2552 bytes (7.8% Full)
(.text + .data + .bootloader)

Data:         30 bytes (1.5% Full)
(.data + .bss + .noinit)


Finished building: sizedummy
 
10:52:05 **** Incremental Build of configuration Release for project Wyswietlacz ****
make all 
Invoking: Print Size
avr-size --format=avr --mcu=atmega32 Wyswietlacz.elf
AVR Memory Usage
----------------
Device: atmega32

Program:    2552 bytes (7.8% Full)
(.text + .data + .bootloader)

Data:         30 bytes (1.5% Full)
(.data + .bss + .noinit)


Finished building: sizedummy
 
10:52:12 **** Incremental Build of configuration Release for project Wyswietlacz ****
make all 
Invoking: Print Size
avr-size --format=avr --mcu=atmega32 Wyswietlacz.elf
AVR Memory Usage
----------------
Device: atmega32

Program:    2552 bytes (7.8% Full)
(.text + .data + .bootloader)

Data:         30 bytes (1.5% Full)
(.data + .bss + .noinit)


Finished building: sizedummy
 
10:52:29 **** Incremental Build of configuration Release for project Wyswietlacz ****
make all 
Invoking: Print Size
avr-size --format=avr --mcu=atmega32 Wyswietlacz.elf
AVR Memory Usage
----------------
Device: atmega32

Program:    2552 bytes (7.8% Full)
(.text + .data + .bootloader)

Data:         30 bytes (1.5% Full)
(.data + .bss + .noinit)


Finished building: sizedummy
 
10:52:54 **** Incremental Build of configuration Release for project Wyswietlacz ****
make all 
Invoking: Print Size
avr-size --format=avr --mcu=atmega32 Wyswietlacz.elf
AVR Memory Usage
----------------
Device: atmega32

Program:    2552 bytes (7.8% Full)
(.text + .data + .bootloader)

Data:         30 bytes (1.5% Full)
(.data + .bss + .noinit)


Finished building: sizedummy
 
10:53:04 **** Incremental Build of configuration Release for project Wyswietlacz ****
make all 
Invoking: Print Size
avr-size --format=avr --mcu=atmega32 Wyswietlacz.elf
AVR Memory Usage
----------------
Device: atmega32

Program:    2552 bytes (7.8% Full)
(.text + .data + .bootloader)

Data:         30 bytes (1.5% Full)
(.data + .bss + .noinit)


Finished building: sizedummy
 
17:36:02 **** Incremental Build of configuration Release for project Wyswietlacz ****
make all 
Invoking: Print Size
avr-size --format=avr --mcu=atmega32 Wyswietlacz.elf
AVR Memory Usage
----------------
Device: atmega32

Program:    2552 bytes (7.8% Full)
(.text + .data + .bootloader)

Data:         30 bytes (1.5% Full)
(.data + .bss + .noinit)


Finished building: sizedummy
 
19:03:10 **** Incremental Build of configuration Release for project Wyswietlacz ****
make all 
Invoking: Print Size
avr-size --format=avr --mcu=atmega32 Wyswietlacz.elf
AVR Memory Usage
----------------
Device: atmega32

Program:    2552 bytes (7.8% Full)
(.text + .data + .bootloader)

Data:         30 bytes (1.5% Full)
(.data + .bss + .noinit)


Finished building: sizedummy
 
19:03:40 **** Incremental Build of configuration Release for project Wyswietlacz ****
make all 
Invoking: Print Size
avr-size --format=avr --mcu=atmega32 Wyswietlacz.elf
AVR Memory Usage
----------------
Device: atmega32

Program:    2552 bytes (7.8% Full)
(.text + .data + .bootloader)

Data:         30 bytes (1.5% Full)
(.data + .bss + .noinit)


Finished building: sizedummy
 
19:04:20 **** Incremental Build of configuration Release for project Wyswietlacz ****
make all 
Invoking: Print Size
avr-size --format=avr --mcu=atmega32 Wyswietlacz.elf
AVR Memory Usage
----------------
Device: atmega32

Program:    2552 bytes (7.8% Full)
(.text + .data + .bootloader)

Data:         30 bytes (1.5% Full)
(.data + .bss + .noinit)


Finished building: sizedummy
 
19:04:58 **** Incremental Build of configuration Release for project Wyswietlacz ****
make all 
Invoking: Print Size
avr-size --format=avr --mcu=atmega32 Wyswietlacz.elf
AVR Memory Usage
----------------
Device: atmega32

Program:    2552 bytes (7.8% Full)
(.text + .data + .bootloader)

Data:         30 bytes (1.5% Full)
(.data + .bss + .noinit)


Finished building: sizedummy
 
22:11:26 **** Incremental Build of configuration Release for project Wyswietlacz ****
make all 
Invoking: Print Size
avr-size --format=avr --mcu=atmega32 Wyswietlacz.elf
AVR Memory Usage
----------------
Device: atmega32

Program:    2552 bytes (7.8% Full)
(.text + .data + .bootloader)

Data:         30 bytes (1.5% Full)
(.data + .bss + .noinit)


Finished building: sizedummy
 
